<?xml version="1.0" encoding="UTF-8"?>
<!-- Generated by org.testng.reporters.JUnitReportReporter -->
<testsuite hostname="DESKTOP-7LV2BFO" name="com.datalicious.testscript.Tasks" tests="2" failures="0" timestamp="24 May 2017 05:53:38 GMT" time="4.911" errors="0">
  <testcase name="firstTask" time="4.769" classname="com.datalicious.testscript.Tasks"/>
  <testcase name="SecondTask" time="0.142" classname="com.datalicious.testscript.Tasks"/>
</testsuite> <!-- com.datalicious.testscript.Tasks -->
